<?xml version="1.0" encoding="utf-8"?><testsuites name="pytest tests"><testsuite name="pytest" errors="0" failures="0" skipped="0" tests="11" time="3.497" timestamp="2026-06-26T09:24:24.982558+00:00" hostname="agent-env-71ea868d-3c70-4035-816c-1fab133008f3"><testcase classname="backend.tests.test_block3_press_logos.TestAdminAuth" name="test_login_returns_token" time="0.281" /><testcase classname="backend.tests.test_block3_press_logos.TestAdminAuth" name="test_admin_endpoint_with_token" time="0.098" /><testcase classname="backend.tests.test_block3_press_logos.TestPressList" name="test_press_list_5_records_with_logo_field" time="0.103" /><testcase classname="backend.tests.test_block3_press_logos.TestPressLogoExtract" name="test_extract_returns_ok" time="1.644" /><testcase classname="backend.tests.test_block3_press_logos.TestPressLogoApprove" name="test_approve_sets_approved_true" time="0.311" /><testcase classname="backend.tests.test_block3_press_logos.TestPressLogoInitials" name="test_initials_sets_method_and_approved" time="0.277" /><testcase classname="backend.tests.test_block3_press_logos.TestPressLogoServed" name="test_logo_webp_served" time="0.228" /><testcase classname="backend.tests.test_block3_press_logos.TestSSRTeam" name="test_team_page_ssr" time="0.130" /><testcase classname="backend.tests.test_block3_press_logos.TestSSRHomeIlPodcast" name="test_no_collab_on_home_and_podcast[/api/seo/home]" time="0.122" /><testcase classname="backend.tests.test_block3_press_logos.TestSSRHomeIlPodcast" name="test_no_collab_on_home_and_podcast[/api/seo/il-podcast]" time="0.109" /><testcase classname="backend.tests.test_block3_press_logos.TestSSRParlanoDiNoi" name="test_parlano_di_noi_renders_empty" time="0.108" /></testsuite></testsuites>