<?xml version="1.0" encoding="utf-8"?><testsuites name="pytest tests"><testsuite name="pytest" errors="0" failures="0" skipped="0" tests="90" time="37.254" timestamp="2026-06-26T10:20:18.248846+00:00" hostname="agent-env-71ea868d-3c70-4035-816c-1fab133008f3"><testcase classname="backend.tests.test_404_regression" name="test_unknown_route_returns_404_ssr[/pagina-finta/]" time="0.111" /><testcase classname="backend.tests.test_404_regression" name="test_unknown_route_returns_404_ssr[/foo/bar/]" time="0.095" /><testcase classname="backend.tests.test_404_regression" name="test_unknown_route_returns_404_ssr[/qualsiasi-cosa-inesistente]" time="0.146" /><testcase classname="backend.tests.test_404_regression" name="test_unknown_slug_returns_404[/episodi/non-esiste-xyz/]" time="0.094" /><testcase classname="backend.tests.test_404_regression" name="test_unknown_slug_returns_404[/team/non-esiste/]" time="0.092" /><testcase classname="backend.tests.test_404_regression" name="test_valid_ssr_page_returns_200_with_h1[/]" time="0.126" /><testcase classname="backend.tests.test_404_regression" name="test_valid_ssr_page_returns_200_with_h1[/episodi/]" time="0.100" /><testcase classname="backend.tests.test_404_regression" name="test_valid_ssr_page_returns_200_with_h1[/episodi/serie-a-2025-2026-giornata-29-puntata-1/]" time="0.133" /><testcase classname="backend.tests.test_404_regression" name="test_valid_ssr_page_returns_200_with_h1[/interviste/]" time="0.103" /><testcase classname="backend.tests.test_404_regression" name="test_valid_ssr_page_returns_200_with_h1[/pronostici/]" time="0.101" /><testcase classname="backend.tests.test_404_regression" name="test_valid_ssr_page_returns_200_with_h1[/team/]" time="0.104" /><testcase classname="backend.tests.test_404_regression" name="test_valid_ssr_page_returns_200_with_h1[/collaborazioni/]" time="0.109" /><testcase classname="backend.tests.test_404_regression" name="test_valid_ssr_page_returns_200_with_h1[/contatti/]" time="0.097" /><testcase classname="backend.tests.test_404_regression" name="test_valid_ssr_page_returns_200_with_h1[/privacy/]" time="0.099" /><testcase classname="backend.tests.test_404_regression" name="test_valid_ssr_page_returns_200_with_h1[/cookie/]" time="0.090" /><testcase classname="backend.tests.test_404_regression" name="test_valid_ssr_page_returns_200_with_h1[/il-podcast/]" time="0.105" /><testcase classname="backend.tests.test_404_regression" name="test_valid_ssr_page_returns_200_with_h1[/parlano-di-noi/]" time="0.102" /><testcase classname="backend.tests.test_404_regression" name="test_admin_loads_react_spa" time="0.098" /><testcase classname="backend.tests.test_404_regression" name="test_logo_jpg_image_200" time="0.092" /><testcase classname="backend.tests.test_404_regression" name="test_sitemap_xml" time="0.103" /><testcase classname="backend.tests.test_404_regression" name="test_robots_txt" time="0.093" /><testcase classname="backend.tests.test_block3_press_logos.TestAdminAuth" name="test_login_returns_token" time="0.102" /><testcase classname="backend.tests.test_block3_press_logos.TestAdminAuth" name="test_admin_endpoint_with_token" time="0.149" /><testcase classname="backend.tests.test_block3_press_logos.TestPressList" name="test_press_list_5_records_with_logo_field" time="0.103" /><testcase classname="backend.tests.test_block3_press_logos.TestPressLogoExtract" name="test_extract_returns_ok" time="6.449" /><testcase classname="backend.tests.test_block3_press_logos.TestPressLogoApprove" name="test_approve_sets_approved_true" time="0.307" /><testcase classname="backend.tests.test_block3_press_logos.TestPressLogoInitials" name="test_initials_sets_method_and_approved" time="0.301" /><testcase classname="backend.tests.test_block3_press_logos.TestPressLogoServed" name="test_logo_webp_served" time="0.194" /><testcase classname="backend.tests.test_block3_press_logos.TestSSRTeam" name="test_team_page_ssr" time="0.103" /><testcase classname="backend.tests.test_block3_press_logos.TestSSRHomeIlPodcast" name="test_no_collab_on_home_and_podcast[/api/seo/home]" time="0.108" /><testcase classname="backend.tests.test_block3_press_logos.TestSSRHomeIlPodcast" name="test_no_collab_on_home_and_podcast[/api/seo/il-podcast]" time="0.098" /><testcase classname="backend.tests.test_block3_press_logos.TestSSRParlanoDiNoi" name="test_parlano_di_noi_renders_empty" time="0.097" /><testcase classname="backend.tests.test_iteration17.TestAuth" name="test_login_returns_token" time="0.125" /><testcase classname="backend.tests.test_iteration17.TestAuth" name="test_admin_endpoint_with_token" time="0.087" /><testcase classname="backend.tests.test_iteration17.TestAuth" name="test_admin_endpoint_without_token_unauthorized" time="0.093" /><testcase classname="backend.tests.test_iteration17.TestPredictionsAI" name="test_ai_generate_round_38" time="21.962" /><testcase classname="backend.tests.test_iteration17.TestPredictionsAI" name="test_ai_generate_does_not_publish" time="0.215" /><testcase classname="backend.tests.test_iteration17.TestPredictionsAI" name="test_ai_batch" time="0.096" /><testcase classname="backend.tests.test_iteration17.TestSSREditorial" name="test_seo_episodi_editorial_and_faq" time="0.115" /><testcase classname="backend.tests.test_iteration17.TestSSREditorial" name="test_seo_interviste_editorial_and_faq" time="0.096" /><testcase classname="backend.tests.test_iteration17.TestSSREditorial" name="test_seo_press_intro" time="0.096" /><testcase classname="backend.tests.test_iteration17.TestSchemaOrg" name="test_contatti_contactpage_faqpage" time="0.093" /><testcase classname="backend.tests.test_iteration17.TestSchemaOrg" name="test_collaborazioni_aboutpage" time="0.091" /><testcase classname="backend.tests.test_iteration17.TestSchemaOrg" name="test_privacy_webpage" time="0.095" /><testcase classname="backend.tests.test_iteration17.TestSchemaOrg" name="test_cookie_webpage" time="0.096" /><testcase classname="backend.tests.test_iteration17.TestSchemaOrg" name="test_transcript_webpage_no_videoobject" time="0.117" /><testcase classname="backend.tests.test_iteration17.TestSSRInfra" name="test_sitemap" time="0.098" /><testcase classname="backend.tests.test_iteration17.TestSSRInfra" name="test_video_sitemap" time="0.098" /><testcase classname="backend.tests.test_iteration17.TestSSRInfra" name="test_robots" time="0.092" /><testcase classname="backend.tests.test_iteration17.TestSSRInfra" name="test_seo_404" time="0.095" /><testcase classname="backend.tests.test_public_ssr.TestSSRPublicPages" name="test_page_200_and_ssr[/-h1]" time="0.129" /><testcase classname="backend.tests.test_public_ssr.TestSSRPublicPages" name="test_page_200_and_ssr[/il-podcast/-h1]" time="0.097" /><testcase classname="backend.tests.test_public_ssr.TestSSRPublicPages" name="test_page_200_and_ssr[/episodi/-h1]" time="0.093" /><testcase classname="backend.tests.test_public_ssr.TestSSRPublicPages" name="test_page_200_and_ssr[/interviste/-h1]" time="0.099" /><testcase classname="backend.tests.test_public_ssr.TestSSRPublicPages" name="test_page_200_and_ssr[/pronostici/-h1]" time="0.097" /><testcase classname="backend.tests.test_public_ssr.TestSSRPublicPages" name="test_page_200_and_ssr[/team/-h1]" time="0.103" /><testcase classname="backend.tests.test_public_ssr.TestSSRPublicPages" name="test_page_200_and_ssr[/parlano-di-noi/-h1]" time="0.097" /><testcase classname="backend.tests.test_public_ssr.TestSSRPublicPages" name="test_page_200_and_ssr[/collaborazioni/-h1]" time="0.108" /><testcase classname="backend.tests.test_public_ssr.TestSSRPublicPages" name="test_page_200_and_ssr[/contatti/-h1]" time="0.093" /><testcase classname="backend.tests.test_public_ssr.TestSSRPublicPages" name="test_page_200_and_ssr[/privacy/-h1]" time="0.102" /><testcase classname="backend.tests.test_public_ssr.TestSSRPublicPages" name="test_page_200_and_ssr[/cookie/-h1]" time="0.095" /><testcase classname="backend.tests.test_public_ssr.TestSSRPublicPages" name="test_home_has_jsonld" time="0.109" /><testcase classname="backend.tests.test_public_ssr.TestSSRPublicPages" name="test_home_no_wrong_brand_spelling" time="0.000" /><testcase classname="backend.tests.test_public_ssr.TestSSRPublicPages" name="test_menu_real_links_present[/il-podcast/]" time="0.000" /><testcase classname="backend.tests.test_public_ssr.TestSSRPublicPages" name="test_menu_real_links_present[/episodi/]" time="0.000" /><testcase classname="backend.tests.test_public_ssr.TestSSRPublicPages" name="test_menu_real_links_present[/interviste/]" time="0.000" /><testcase classname="backend.tests.test_public_ssr.TestSSRPublicPages" name="test_menu_real_links_present[/pronostici/]" time="0.000" /><testcase classname="backend.tests.test_public_ssr.TestSSRPublicPages" name="test_menu_real_links_present[/team/]" time="0.000" /><testcase classname="backend.tests.test_public_ssr.TestSSRPublicPages" name="test_menu_real_links_present[/parlano-di-noi/]" time="0.000" /><testcase classname="backend.tests.test_public_ssr.TestSSRPublicPages" name="test_menu_has_no_anchor_only_links" time="0.000" /><testcase classname="backend.tests.test_public_ssr.TestSSRPublicPages" name="test_footer_has_legal_links" time="0.001" /><testcase classname="backend.tests.test_public_ssr.TestSSRPublicPages" name="test_mobile_menu_uses_details" time="0.000" /><testcase classname="backend.tests.test_public_ssr.TestEpisodes" name="test_archive_lists_episodes" time="0.101" /><testcase classname="backend.tests.test_public_ssr.TestEpisodes" name="test_episode_detail_page" time="0.099" /><testcase classname="backend.tests.test_public_ssr.TestEpisodes" name="test_episode_transcript_page" time="0.125" /><testcase classname="backend.tests.test_public_ssr.TestNotFound" name="test_404_routes[/episodi/non-esiste-xyz/]" time="0.098" /><testcase classname="backend.tests.test_public_ssr.TestNotFound" name="test_404_routes[/pagina-finta/]" time="0.096" /><testcase classname="backend.tests.test_public_ssr.TestNotFound" name="test_404_routes[/team/non-esiste/]" time="0.121" /><testcase classname="backend.tests.test_public_ssr.TestAdmin" name="test_admin_loads_spa" time="0.180" /><testcase classname="backend.tests.test_public_ssr.TestNoWrongBrand" name="test_no_wrong_brand_spelling[/-h1]" time="0.128" /><testcase classname="backend.tests.test_public_ssr.TestNoWrongBrand" name="test_no_wrong_brand_spelling[/il-podcast/-h1]" time="0.098" /><testcase classname="backend.tests.test_public_ssr.TestNoWrongBrand" name="test_no_wrong_brand_spelling[/episodi/-h1]" time="0.114" /><testcase classname="backend.tests.test_public_ssr.TestNoWrongBrand" name="test_no_wrong_brand_spelling[/interviste/-h1]" time="0.090" /><testcase classname="backend.tests.test_public_ssr.TestNoWrongBrand" name="test_no_wrong_brand_spelling[/pronostici/-h1]" time="0.097" /><testcase classname="backend.tests.test_public_ssr.TestNoWrongBrand" name="test_no_wrong_brand_spelling[/team/-h1]" time="0.101" /><testcase classname="backend.tests.test_public_ssr.TestNoWrongBrand" name="test_no_wrong_brand_spelling[/parlano-di-noi/-h1]" time="0.096" /><testcase classname="backend.tests.test_public_ssr.TestNoWrongBrand" name="test_no_wrong_brand_spelling[/collaborazioni/-h1]" time="0.102" /><testcase classname="backend.tests.test_public_ssr.TestNoWrongBrand" name="test_no_wrong_brand_spelling[/contatti/-h1]" time="0.104" /><testcase classname="backend.tests.test_public_ssr.TestNoWrongBrand" name="test_no_wrong_brand_spelling[/privacy/-h1]" time="0.094" /><testcase classname="backend.tests.test_public_ssr.TestNoWrongBrand" name="test_no_wrong_brand_spelling[/cookie/-h1]" time="0.105" /></testsuite></testsuites>