<?xml version="1.0" encoding="utf-8"?><testsuites name="pytest tests"><testsuite name="pytest" errors="0" failures="0" skipped="0" tests="21" time="2.718" timestamp="2026-06-25T21:11:26.142846+00:00" hostname="agent-env-71ea868d-3c70-4035-816c-1fab133008f3"><testcase classname="backend.tests.test_404_regression" name="test_unknown_route_returns_404_ssr[/pagina-finta/]" time="0.227" /><testcase classname="backend.tests.test_404_regression" name="test_unknown_route_returns_404_ssr[/foo/bar/]" time="0.101" /><testcase classname="backend.tests.test_404_regression" name="test_unknown_route_returns_404_ssr[/qualsiasi-cosa-inesistente]" time="0.108" /><testcase classname="backend.tests.test_404_regression" name="test_unknown_slug_returns_404[/episodi/non-esiste-xyz/]" time="0.110" /><testcase classname="backend.tests.test_404_regression" name="test_unknown_slug_returns_404[/team/non-esiste/]" time="0.100" /><testcase classname="backend.tests.test_404_regression" name="test_valid_ssr_page_returns_200_with_h1[/]" time="0.125" /><testcase classname="backend.tests.test_404_regression" name="test_valid_ssr_page_returns_200_with_h1[/episodi/]" time="0.269" /><testcase classname="backend.tests.test_404_regression" name="test_valid_ssr_page_returns_200_with_h1[/episodi/serie-a-2025-2026-giornata-29-puntata-1/]" time="0.182" /><testcase classname="backend.tests.test_404_regression" name="test_valid_ssr_page_returns_200_with_h1[/interviste/]" time="0.109" /><testcase classname="backend.tests.test_404_regression" name="test_valid_ssr_page_returns_200_with_h1[/pronostici/]" time="0.109" /><testcase classname="backend.tests.test_404_regression" name="test_valid_ssr_page_returns_200_with_h1[/team/]" time="0.109" /><testcase classname="backend.tests.test_404_regression" name="test_valid_ssr_page_returns_200_with_h1[/collaborazioni/]" time="0.100" /><testcase classname="backend.tests.test_404_regression" name="test_valid_ssr_page_returns_200_with_h1[/contatti/]" time="0.102" /><testcase classname="backend.tests.test_404_regression" name="test_valid_ssr_page_returns_200_with_h1[/privacy/]" time="0.120" /><testcase classname="backend.tests.test_404_regression" name="test_valid_ssr_page_returns_200_with_h1[/cookie/]" time="0.114" /><testcase classname="backend.tests.test_404_regression" name="test_valid_ssr_page_returns_200_with_h1[/il-podcast/]" time="0.102" /><testcase classname="backend.tests.test_404_regression" name="test_valid_ssr_page_returns_200_with_h1[/parlano-di-noi/]" time="0.112" /><testcase classname="backend.tests.test_404_regression" name="test_admin_loads_react_spa" time="0.134" /><testcase classname="backend.tests.test_404_regression" name="test_logo_jpg_image_200" time="0.104" /><testcase classname="backend.tests.test_404_regression" name="test_sitemap_xml" time="0.110" /><testcase classname="backend.tests.test_404_regression" name="test_robots_txt" time="0.095" /></testsuite></testsuites>