<?xml version="1.0" encoding="utf-8"?><testsuites name="pytest tests"><testsuite name="pytest" errors="0" failures="0" skipped="0" tests="18" time="22.995" timestamp="2026-06-26T10:19:50.410079+00:00" hostname="agent-env-71ea868d-3c70-4035-816c-1fab133008f3"><testcase classname="backend.tests.test_iteration17.TestAuth" name="test_login_returns_token" time="0.247" /><testcase classname="backend.tests.test_iteration17.TestAuth" name="test_admin_endpoint_with_token" time="0.125" /><testcase classname="backend.tests.test_iteration17.TestAuth" name="test_admin_endpoint_without_token_unauthorized" time="0.094" /><testcase classname="backend.tests.test_iteration17.TestPredictionsAI" name="test_ai_generate_round_38" time="20.864" /><testcase classname="backend.tests.test_iteration17.TestPredictionsAI" name="test_ai_generate_does_not_publish" time="0.133" /><testcase classname="backend.tests.test_iteration17.TestPredictionsAI" name="test_ai_batch" time="0.100" /><testcase classname="backend.tests.test_iteration17.TestSSREditorial" name="test_seo_episodi_editorial_and_faq" time="0.197" /><testcase classname="backend.tests.test_iteration17.TestSSREditorial" name="test_seo_interviste_editorial_and_faq" time="0.102" /><testcase classname="backend.tests.test_iteration17.TestSSREditorial" name="test_seo_press_intro" time="0.095" /><testcase classname="backend.tests.test_iteration17.TestSchemaOrg" name="test_contatti_contactpage_faqpage" time="0.105" /><testcase classname="backend.tests.test_iteration17.TestSchemaOrg" name="test_collaborazioni_aboutpage" time="0.096" /><testcase classname="backend.tests.test_iteration17.TestSchemaOrg" name="test_privacy_webpage" time="0.112" /><testcase classname="backend.tests.test_iteration17.TestSchemaOrg" name="test_cookie_webpage" time="0.097" /><testcase classname="backend.tests.test_iteration17.TestSchemaOrg" name="test_transcript_webpage_no_videoobject" time="0.126" /><testcase classname="backend.tests.test_iteration17.TestSSRInfra" name="test_sitemap" time="0.098" /><testcase classname="backend.tests.test_iteration17.TestSSRInfra" name="test_video_sitemap" time="0.112" /><testcase classname="backend.tests.test_iteration17.TestSSRInfra" name="test_robots" time="0.097" /><testcase classname="backend.tests.test_iteration17.TestSSRInfra" name="test_seo_404" time="0.103" /></testsuite></testsuites>