<?xml version="1.0" encoding="utf-8"?><testsuites name="pytest tests"><testsuite name="pytest" errors="0" failures="0" skipped="0" tests="14" time="6.803" timestamp="2026-06-26T14:59:34.558723+00:00" hostname="agent-env-71ea868d-3c70-4035-816c-1fab133008f3"><testcase classname="backend.tests.test_iteration18" name="test_list_drafts" time="0.270" /><testcase classname="backend.tests.test_iteration18" name="test_safety_2025_2026_g38" time="4.719" /><testcase classname="backend.tests.test_iteration18" name="test_detail_2025_2026_g38" time="0.105" /><testcase classname="backend.tests.test_iteration18" name="test_edit_results_note_persists" time="0.343" /><testcase classname="backend.tests.test_iteration18" name="test_status_actions[review0]" time="0.106" /><testcase classname="backend.tests.test_iteration18" name="test_status_actions[approve]" time="0.105" /><testcase classname="backend.tests.test_iteration18" name="test_status_actions[reject]" time="0.108" /><testcase classname="backend.tests.test_iteration18" name="test_status_actions[review1]" time="0.100" /><testcase classname="backend.tests.test_iteration18" name="test_publish_requires_confirm" time="0.096" /><testcase classname="backend.tests.test_iteration18" name="test_public_editorial_visible" time="0.165" /><testcase classname="backend.tests.test_iteration18" name="test_ssr_regression[/api/seo/home]" time="0.185" /><testcase classname="backend.tests.test_iteration18" name="test_ssr_regression[/api/seo/episodi]" time="0.121" /><testcase classname="backend.tests.test_iteration18" name="test_ssr_regression[/api/seo/team]" time="0.098" /><testcase classname="backend.tests.test_iteration18" name="test_ssr_regression[/api/seo/parlano-di-noi]" time="0.198" /></testsuite></testsuites>