<?xml version="1.0" encoding="utf-8"?><testsuites name="pytest tests"><testsuite name="pytest" errors="0" failures="1" skipped="0" tests="40" time="4.045" timestamp="2026-06-25T20:31:18.965865+00:00" hostname="agent-env-71ea868d-3c70-4035-816c-1fab133008f3"><testcase classname="backend.tests.test_public_ssr.TestSSRPublicPages" name="test_page_200_and_ssr[/-h1]" time="0.226" /><testcase classname="backend.tests.test_public_ssr.TestSSRPublicPages" name="test_page_200_and_ssr[/il-podcast/-h1]" time="0.105" /><testcase classname="backend.tests.test_public_ssr.TestSSRPublicPages" name="test_page_200_and_ssr[/episodi/-h1]" time="0.117" /><testcase classname="backend.tests.test_public_ssr.TestSSRPublicPages" name="test_page_200_and_ssr[/interviste/-h1]" time="0.106" /><testcase classname="backend.tests.test_public_ssr.TestSSRPublicPages" name="test_page_200_and_ssr[/pronostici/-h1]" time="0.129" /><testcase classname="backend.tests.test_public_ssr.TestSSRPublicPages" name="test_page_200_and_ssr[/team/-h1]" time="0.170" /><testcase classname="backend.tests.test_public_ssr.TestSSRPublicPages" name="test_page_200_and_ssr[/parlano-di-noi/-h1]" time="0.111" /><testcase classname="backend.tests.test_public_ssr.TestSSRPublicPages" name="test_page_200_and_ssr[/collaborazioni/-h1]" time="0.127" /><testcase classname="backend.tests.test_public_ssr.TestSSRPublicPages" name="test_page_200_and_ssr[/contatti/-h1]" time="0.111" /><testcase classname="backend.tests.test_public_ssr.TestSSRPublicPages" name="test_page_200_and_ssr[/privacy/-h1]" time="0.107" /><testcase classname="backend.tests.test_public_ssr.TestSSRPublicPages" name="test_page_200_and_ssr[/cookie/-h1]" time="0.126" /><testcase classname="backend.tests.test_public_ssr.TestSSRPublicPages" name="test_home_has_jsonld" time="0.130" /><testcase classname="backend.tests.test_public_ssr.TestSSRPublicPages" name="test_home_no_wrong_brand_spelling" time="0.000" /><testcase classname="backend.tests.test_public_ssr.TestSSRPublicPages" name="test_menu_real_links_present[/il-podcast/]" time="0.000" /><testcase classname="backend.tests.test_public_ssr.TestSSRPublicPages" name="test_menu_real_links_present[/episodi/]" time="0.000" /><testcase classname="backend.tests.test_public_ssr.TestSSRPublicPages" name="test_menu_real_links_present[/interviste/]" time="0.000" /><testcase classname="backend.tests.test_public_ssr.TestSSRPublicPages" name="test_menu_real_links_present[/pronostici/]" time="0.000" /><testcase classname="backend.tests.test_public_ssr.TestSSRPublicPages" name="test_menu_real_links_present[/team/]" time="0.000" /><testcase classname="backend.tests.test_public_ssr.TestSSRPublicPages" name="test_menu_real_links_present[/parlano-di-noi/]" time="0.000" /><testcase classname="backend.tests.test_public_ssr.TestSSRPublicPages" name="test_menu_has_no_anchor_only_links" time="0.000" /><testcase classname="backend.tests.test_public_ssr.TestSSRPublicPages" name="test_footer_has_legal_links" time="0.001" /><testcase classname="backend.tests.test_public_ssr.TestSSRPublicPages" name="test_mobile_menu_uses_details" time="0.000" /><testcase classname="backend.tests.test_public_ssr.TestEpisodes" name="test_archive_lists_episodes" time="0.109" /><testcase classname="backend.tests.test_public_ssr.TestEpisodes" name="test_episode_detail_page" time="0.187" /><testcase classname="backend.tests.test_public_ssr.TestEpisodes" name="test_episode_transcript_page" time="0.127" /><testcase classname="backend.tests.test_public_ssr.TestNotFound" name="test_404_routes[/episodi/non-esiste-xyz/]" time="0.112" /><testcase classname="backend.tests.test_public_ssr.TestNotFound" name="test_404_routes[/pagina-finta/]" time="0.110"><failure message="AssertionError: /pagina-finta/ expected 404, got 200&#10;assert 200 == 404&#10; +  where 200 = &lt;Response [200]&gt;.status_code">E   AssertionError: /pagina-finta/ expected 404, got 200
    assert 200 == 404
     +  where 200 = &lt;Response [200]&gt;.status_code</failure></testcase><testcase classname="backend.tests.test_public_ssr.TestNotFound" name="test_404_routes[/team/non-esiste/]" time="0.097" /><testcase classname="backend.tests.test_public_ssr.TestAdmin" name="test_admin_loads_spa" time="0.101" /><testcase classname="backend.tests.test_public_ssr.TestNoWrongBrand" name="test_no_wrong_brand_spelling[/-h1]" time="0.109" /><testcase classname="backend.tests.test_public_ssr.TestNoWrongBrand" name="test_no_wrong_brand_spelling[/il-podcast/-h1]" time="0.134" /><testcase classname="backend.tests.test_public_ssr.TestNoWrongBrand" name="test_no_wrong_brand_spelling[/episodi/-h1]" time="0.118" /><testcase classname="backend.tests.test_public_ssr.TestNoWrongBrand" name="test_no_wrong_brand_spelling[/interviste/-h1]" time="0.102" /><testcase classname="backend.tests.test_public_ssr.TestNoWrongBrand" name="test_no_wrong_brand_spelling[/pronostici/-h1]" time="0.121" /><testcase classname="backend.tests.test_public_ssr.TestNoWrongBrand" name="test_no_wrong_brand_spelling[/team/-h1]" time="0.104" /><testcase classname="backend.tests.test_public_ssr.TestNoWrongBrand" name="test_no_wrong_brand_spelling[/parlano-di-noi/-h1]" time="0.116" /><testcase classname="backend.tests.test_public_ssr.TestNoWrongBrand" name="test_no_wrong_brand_spelling[/collaborazioni/-h1]" time="0.112" /><testcase classname="backend.tests.test_public_ssr.TestNoWrongBrand" name="test_no_wrong_brand_spelling[/contatti/-h1]" time="0.104" /><testcase classname="backend.tests.test_public_ssr.TestNoWrongBrand" name="test_no_wrong_brand_spelling[/privacy/-h1]" time="0.377" /><testcase classname="backend.tests.test_public_ssr.TestNoWrongBrand" name="test_no_wrong_brand_spelling[/cookie/-h1]" time="0.121" /></testsuite></testsuites>